Build started 08-04-2014 15:22:10.
     1>Project "c:\Users\RaviKiran\Documents\Visual Studio 2013\Projects\ImageSegmenter\ImageSegmenter.vcxproj" on node 2 (Build target(s)).
     1>ClCompile:
         C:\Program Files (x86)\Microsoft Visual Studio 12.0\VC\bin\CL.exe /c /IC:\opencv\build\include /ZI /nologo /W3 /WX- /Od /Oy- /D WIN32 /D _DEBUG /D _CONSOLE /D _LIB /D _UNICODE /D UNICODE /Gm /EHsc /RTC1 /MDd /GS /fp:precise /Zc:wchar_t /Zc:forScope /Fo"Debug\\" /Fd"Debug\vc120.pdb" /Gd /TP /analyze- /errorReport:prompt ImageSegmenter.cpp ReadConfigParams.cpp SplitLine.cpp main.cpp
         SplitLine.cpp
     1>c:\users\ravikiran\documents\visual studio 2013\projects\imagesegmenter\splitline.cpp(40): warning C4018: '<' : signed/unsigned mismatch
     1>c:\users\ravikiran\documents\visual studio 2013\projects\imagesegmenter\splitline.cpp(42): warning C4018: '<' : signed/unsigned mismatch
         ImageSegmenter.cpp
     1>c:\users\ravikiran\documents\visual studio 2013\projects\imagesegmenter\imagesegmenter.cpp(131): warning C4018: '<' : signed/unsigned mismatch
     1>c:\users\ravikiran\documents\visual studio 2013\projects\imagesegmenter\imagesegmenter.cpp(133): warning C4018: '<' : signed/unsigned mismatch
         Generating Code...
         Skipping... (no relevant changes detected)
         main.cpp
         ReadConfigParams.cpp
       Link:
         C:\Program Files (x86)\Microsoft Visual Studio 12.0\VC\bin\link.exe /ERRORREPORT:PROMPT /OUT:"c:\Users\RaviKiran\Documents\Visual Studio 2013\Projects\ImageSegmenter\Debug\ImageSegmenter.exe" /INCREMENTAL /NOLOGO /LIBPATH:"c:\opencv-build32\lib\Debug" opencv_core248d.lib opencv_highgui248d.lib opencv_imgproc248d.lib kernel32.lib user32.lib gdi32.lib winspool.lib comdlg32.lib advapi32.lib shell32.lib ole32.lib oleaut32.lib uuid.lib odbc32.lib odbccp32.lib /MANIFEST /MANIFESTUAC:"level='asInvoker' uiAccess='false'" /manifest:embed /DEBUG /PDB:"c:\Users\RaviKiran\Documents\Visual Studio 2013\Projects\ImageSegmenter\Debug\ImageSegmenter.pdb" /SUBSYSTEM:CONSOLE /TLBID:1 /DYNAMICBASE /NXCOMPAT /IMPLIB:"c:\Users\RaviKiran\Documents\Visual Studio 2013\Projects\ImageSegmenter\Debug\ImageSegmenter.lib" /MACHINE:X86 Debug\ConfigParser.obj
         Debug\ImageSegmenter.obj
         Debug\main.obj
         Debug\ReadConfigParams.obj
         Debug\SplitLine.obj
         ImageSegmenter.vcxproj -> c:\Users\RaviKiran\Documents\Visual Studio 2013\Projects\ImageSegmenter\Debug\ImageSegmenter.exe
     1>Done Building Project "c:\Users\RaviKiran\Documents\Visual Studio 2013\Projects\ImageSegmenter\ImageSegmenter.vcxproj" (Build target(s)).

Build succeeded.

Time Elapsed 00:00:05.86
