Build started 07-04-2014 18:29:07.
     1>Project "c:\Users\ravikiran\documents\visual studio 2013\Projects\ImageSegmenter\ImageSegmenter.vcxproj" on node 2 (Build target(s)).
     1>ClCompile:
         C:\Program Files (x86)\Microsoft Visual Studio 12.0\VC\bin\CL.exe /c /IC:\opencv\build\include /Zi /nologo /W3 /WX- /O2 /Oi /Oy- /GL /D WIN32 /D NDEBUG /D _CONSOLE /D _LIB /D _UNICODE /D UNICODE /Gm- /EHsc /MD /GS /Gy /fp:precise /Zc:wchar_t /Zc:forScope /Fo"Release\\" /Fd"Release\vc120.pdb" /Gd /TP /analyze- /errorReport:prompt ImageSegmenter.cpp SplitLine.cpp
         ImageSegmenter.cpp
     1>ImageSegmenter.cpp(62): warning C4018: '<' : signed/unsigned mismatch
     1>ImageSegmenter.cpp(64): warning C4018: '<' : signed/unsigned mismatch
         SplitLine.cpp
     1>SplitLine.cpp(38): warning C4018: '<' : signed/unsigned mismatch
     1>SplitLine.cpp(40): warning C4018: '<' : signed/unsigned mismatch
       Link:
         C:\Program Files (x86)\Microsoft Visual Studio 12.0\VC\bin\link.exe /ERRORREPORT:PROMPT /OUT:"c:\users\ravikiran\documents\visual studio 2013\Projects\ImageSegmenter\Release\ImageSegmenter.exe" /INCREMENTAL:NO /NOLOGO /LIBPATH:"C:\opencv-build32\lib\Release" opencv_core248.lib opencv_highgui248.lib opencv_imgproc248.lib kernel32.lib user32.lib gdi32.lib winspool.lib comdlg32.lib advapi32.lib shell32.lib ole32.lib oleaut32.lib uuid.lib odbc32.lib odbccp32.lib /MANIFEST /MANIFESTUAC:"level='asInvoker' uiAccess='false'" /manifest:embed /DEBUG /PDB:"c:\users\ravikiran\documents\visual studio 2013\Projects\ImageSegmenter\Release\ImageSegmenter.pdb" /SUBSYSTEM:CONSOLE /OPT:REF /OPT:ICF /LTCG /TLBID:1 /DYNAMICBASE /NXCOMPAT /IMPLIB:"c:\users\ravikiran\documents\visual studio 2013\Projects\ImageSegmenter\Release\ImageSegmenter.lib" /MACHINE:X86 /SAFESEH Release\ImageSegmenter.obj
         Release\main.obj
         Release\SplitLine.obj
         Generating code
         Finished generating code
         ImageSegmenter.vcxproj -> c:\users\ravikiran\documents\visual studio 2013\Projects\ImageSegmenter\Release\ImageSegmenter.exe
     1>Done Building Project "c:\Users\ravikiran\documents\visual studio 2013\Projects\ImageSegmenter\ImageSegmenter.vcxproj" (Build target(s)).

Build succeeded.

Time Elapsed 00:00:04.78
